C51 COMPILER V9.00   LCD                                                                   02/20/2019 14:30:50 PAGE 1   


C51 COMPILER V9.00, COMPILATION OF MODULE LCD
OBJECT MODULE PLACED IN lcd.OBJ
COMPILER INVOKED BY: e:\Keil\C51\BIN\C51.EXE lcd.c BROWSE DEBUG OBJECTEXTEND TABS(2)

line level    source

   1          #include"lcd.h"
   2          
   3          /*******************************************************************************
   4          * 函数名         : Delay1us
   5          * 函数功能       : 延时函数，延时1us
   6          * 输入           : a
   7          * 输出           : 无
   8          *******************************************************************************/
   9          
  10          void Delay1us(uint a)
  11          {
  12   1        uint b,c;
  13   1        for(c=a;c>0;c--)
  14   1          for(b=110;b>0;b--);
  15   1      }
  16          /*******************************************************************************
  17          * 函数名         : LCD1602_WriteCom
  18          * 函数功能       : 向LCD写入一个字节的命令
  19          * 输入           : com
  20          * 输出           : 无
  21          *******************************************************************************/
  22          #ifndef   LCD1602_4PINS  //当没有定义这个LCD1602_4PINS时
  23          void LCD1602_WriteCom(uchar com)    //写入命令
  24          {
  25   1        LCD1602_E=0;
  26   1        LCD1602_RS=0;
  27   1        LCD1602_RW=0;
  28   1        LCD1602_DATAPINS=com;
  29   1        Delay1us(10);
  30   1        LCD1602_E=1;
  31   1        Delay1us(10);
  32   1        LCD1602_E=0;
  33   1      }
  34          #else 
              void LCD1602_WriteCom(uchar com)    //写入命令
              {
                LCD1602_E=0;
                LCD1602_RS=0;
                LCD1602_RW=0;
                LCD1602_DATAPINS=com; //由于4位的接线是接到P0口的高四位，所以传送高四位不用改
                Delay1us(10);
                LCD1602_E=1;
                Delay1us(10);
                LCD1602_E=0;
                Delay1us(10);
                LCD1602_DATAPINS=com<<4;
                Delay1us(10);
                LCD1602_E=1;
                Delay1us(10);
                LCD1602_E=0;
              }
              #endif
  53          /*******************************************************************************
  54          * 函数名         : LCD1602_WriteData
  55          * 函数功能       : 向LCD写入一个字节的数据
C51 COMPILER V9.00   LCD                                                                   02/20/2019 14:30:50 PAGE 2   

  56          * 输入           : dat
  57          * 输出           : 无
  58          *******************************************************************************/       
  59          #ifndef   LCD1602_4PINS      
  60          void LCD1602_WriteData(uchar dat)     //写入数据
  61          {
  62   1        LCD1602_E=0;
  63   1        LCD1602_RS=1;
  64   1        LCD1602_RW=0;
  65   1        LCD1602_DATAPINS=dat;
  66   1        Delay1us(10);
  67   1        LCD1602_E=1;
  68   1        Delay1us(10);
  69   1        LCD1602_E=0;
  70   1      }
  71          #else
              void LCD1602_WriteData(uchar dat)     //写入数据
              {
                LCD1602_E=0;
                LCD1602_RS=1;
                LCD1602_RW=0;
                LCD1602_DATAPINS=dat; //由于4位的接线是接到P0口的高四位，所以传送高四位不用改
                Delay1us(10);
                LCD1602_E=1;
                Delay1us(10);
                LCD1602_E=0;
                LCD1602_DATAPINS=dat<<4;
                Delay1us(10);
                LCD1602_E=1;
                Delay1us(10);
                LCD1602_E=0;
              }
              #endif
  89          /*******************************************************************************
  90          * 函数名         : LCD1602_Init()
  91          * 函数功能       : 初始化LCD屏
  92          * 输入           : 无
  93          * 输出           : 无
  94          *******************************************************************************/       
  95          #ifndef   LCD1602_4PINS
  96          void LCD1602_Init()             //LCD初始化子程序
  97          {
  98   1        LCD1602_WriteCom(0x38);  //开显示
  99   1        LCD1602_WriteCom(0x0c);  //开显示不显示光标
 100   1        LCD1602_WriteCom(0x06);  //写一个指针加1
 101   1        LCD1602_WriteCom(0x01);  //清屏
 102   1        LCD1602_WriteCom(0x80);  //设置数据指针起点
 103   1      }
 104          #else
              void LCD1602_Init()             //LCD初始化子程序
              {
                LCD1602_WriteCom(0x32);  //将8位总线转为4位总线
                LCD1602_WriteCom(0x28);  //在四位线下的初始化
                LCD1602_WriteCom(0x0c);  //开显示不显示光标
                LCD1602_WriteCom(0x06);  //写一个指针加1
                LCD1602_WriteCom(0x01);  //清屏
                LCD1602_WriteCom(0x80);  //设置数据指针起点
              }
              #endif


MODULE INFORMATION:   STATIC OVERLAYABLE
C51 COMPILER V9.00   LCD                                                                   02/20/2019 14:30:50 PAGE 3   

   CODE SIZE        =     92    ----
   CONSTANT SIZE    =   ----    ----
   XDATA SIZE       =   ----    ----
   PDATA SIZE       =   ----    ----
   DATA SIZE        =   ----    ----
   IDATA SIZE       =   ----    ----
   BIT SIZE         =   ----    ----
END OF MODULE INFORMATION.


C51 COMPILATION COMPLETE.  0 WARNING(S),  0 ERROR(S)
