C51 COMPILER V9.00   MAIN                                                                  02/20/2019 14:30:50 PAGE 1   


C51 COMPILER V9.00, COMPILATION OF MODULE MAIN
OBJECT MODULE PLACED IN main.OBJ
COMPILER INVOKED BY: e:\Keil\C51\BIN\C51.EXE main.c BROWSE DEBUG OBJECTEXTEND TABS(2)

line level    source

   1          #include<reg51.h>
   2          #include"lcd.h"
   3          
   4          #define uint unsigned int 
   5          #define uchar unsigned char
   6          
   7          unsigned char rFlag=0;
   8          unsigned char dataFlag=0;
   9          unsigned char showFlag=0;
  10          
  11          
  12          unsigned char rxLength=0;
  13          char rxBuf[20];//={1,0,12,0x30,0x31,0x34,0x34,0x33,0x43,0x54,0x53,0x65,0x32,0x45,0x56};
  14          
  15          
  16          
  17          void UsartConfiguration()
  18          {
  19   1        SCON=0X50;      //设置为工作方式1
  20   1        TMOD=0X20;      //设置计数器工作方式2
  21   1        PCON=0X00;      //波特率加倍
  22   1        TH1=0XF3;       //计数器初始值设置，注意波特率是4800的
  23   1        TL1=0XF3;
  24   1        ES=1;           //打开接收中断
  25   1        EA=1;           //打开总中断
  26   1        TR1=1;          //打开计数器
  27   1      }
  28          
  29          
  30          void main()
  31          {
  32   1        char i=0;
  33   1        UsartConfiguration();
  34   1        LCD1602_Init();
  35   1        showFlag=0;
  36   1        
  37   1        while(1)
  38   1        {
  39   2          if(showFlag==1)
  40   2          {
  41   3            if(rxBuf[0]==1)
  42   3            {
  43   4                LCD1602_WriteCom(0x80+rxBuf[1]);
  44   4            }
  45   3            else
  46   3            {
  47   4              LCD1602_WriteCom(0x80+0x40+rxBuf[1]);
  48   4            }
  49   3            
  50   3            if(rxBuf[2]>16)
  51   3            {
  52   4              rxBuf[2]=16;
  53   4            }
  54   3            for(i=3;i<3+rxBuf[2];i++)
  55   3            {
C51 COMPILER V9.00   MAIN                                                                  02/20/2019 14:30:50 PAGE 2   

  56   4              LCD1602_WriteData(rxBuf[i]);
  57   4            }     
  58   3            rxLength=0;
  59   3            showFlag=0;   
  60   3          }
  61   2          
  62   2        }
  63   1      }
  64          
  65          
  66          
  67          void Usart() interrupt 4
  68          {
  69   1        unsigned char receiveData=0;
  70   1        receiveData=SBUF;//出去接收到的数据
  71   1        RI = 0;//清除接收中断标志位
  72   1        
  73   1      
  74   1        if(showFlag==0)
  75   1        {
  76   2          if(receiveData==0xfa)
  77   2          {
  78   3            dataFlag=0;
  79   3            showFlag=1;
  80   3          }
  81   2          
  82   2          if(dataFlag==1)
  83   2          {
  84   3            rxBuf[rxLength]=receiveData;
  85   3            SBUF=rxBuf[rxLength];
  86   3            while(!TI);     //等待发送数据完成
  87   3            TI=0;       //清除发送完成标志位  
  88   3            
  89   3            rxLength++;
  90   3          }
  91   2          
  92   2          if(receiveData==0xf5)
  93   2          {
  94   3            rxLength=0;
  95   3            dataFlag=1;
  96   3          }
  97   2        }
  98   1      }
  99          


MODULE INFORMATION:   STATIC OVERLAYABLE
   CODE SIZE        =    200    ----
   CONSTANT SIZE    =   ----    ----
   XDATA SIZE       =   ----    ----
   PDATA SIZE       =   ----    ----
   DATA SIZE        =     24       1
   IDATA SIZE       =   ----    ----
   BIT SIZE         =   ----    ----
END OF MODULE INFORMATION.


C51 COMPILATION COMPLETE.  0 WARNING(S),  0 ERROR(S)
